{"C:\\Users\\anton\\Desktop\\INSTRUKTOR\\upi-projekt\\instruktor\\registracija.js": {"path":"C:\\Users\\anton\\Desktop\\INSTRUKTOR\\upi-projekt\\instruktor\\registracija.js","statementMap":{"0":{"start":{"line":3,"column":4},"end":{"line":3,"column":49}},"1":{"start":{"line":4,"column":4},"end":{"line":4,"column":55}},"2":{"start":{"line":5,"column":4},"end":{"line":5,"column":51}},"3":{"start":{"line":6,"column":4},"end":{"line":6,"column":47}},"4":{"start":{"line":7,"column":4},"end":{"line":7,"column":57}},"5":{"start":{"line":9,"column":23},"end":{"line":9,"column":70}},"6":{"start":{"line":12,"column":4},"end":{"line":15,"column":7}},"7":{"start":{"line":13,"column":10},"end":{"line":13,"column":45}},"8":{"start":{"line":14,"column":10},"end":{"line":14,"column":17}},"9":{"start":{"line":18,"column":6},"end":{"line":21,"column":7}},"10":{"start":{"line":19,"column":10},"end":{"line":19,"column":34}},"11":{"start":{"line":20,"column":6},"end":{"line":20,"column":13}},"12":{"start":{"line":24,"column":6},"end":{"line":27,"column":7}},"13":{"start":{"line":25,"column":10},"end":{"line":25,"column":38}},"14":{"start":{"line":26,"column":6},"end":{"line":26,"column":13}},"15":{"start":{"line":29,"column":6},"end":{"line":32,"column":7}},"16":{"start":{"line":30,"column":10},"end":{"line":30,"column":43}},"17":{"start":{"line":31,"column":10},"end":{"line":31,"column":17}},"18":{"start":{"line":35,"column":6},"end":{"line":38,"column":7}},"19":{"start":{"line":36,"column":10},"end":{"line":36,"column":57}},"20":{"start":{"line":37,"column":10},"end":{"line":37,"column":17}},"21":{"start":{"line":41,"column":4},"end":{"line":58,"column":5}},"22":{"start":{"line":41,"column":33},"end":{"line":41,"column":49}},"23":{"start":{"line":42,"column":6},"end":{"line":42,"column":30}},"24":{"start":{"line":44,"column":6},"end":{"line":50,"column":9}},"25":{"start":{"line":51,"column":6},"end":{"line":51,"column":66}},"26":{"start":{"line":52,"column":6},"end":{"line":52,"column":49}},"27":{"start":{"line":53,"column":6},"end":{"line":53,"column":46}},"28":{"start":{"line":55,"column":6},"end":{"line":55,"column":38}},"29":{"start":{"line":60,"column":2},"end":{"line":60,"column":32}}},"fnMap":{"0":{"name":"saveData","decl":{"start":{"line":1,"column":9},"end":{"line":1,"column":17}},"loc":{"start":{"line":1,"column":20},"end":{"line":59,"column":3}},"line":1},"1":{"name":"(anonymous_1)","decl":{"start":{"line":41,"column":26},"end":{"line":41,"column":27}},"loc":{"start":{"line":41,"column":33},"end":{"line":41,"column":49}},"line":41}},"branchMap":{"0":{"loc":{"start":{"line":9,"column":23},"end":{"line":9,"column":70}},"type":"binary-expr","locations":[{"start":{"line":9,"column":23},"end":{"line":9,"column":64}},{"start":{"line":9,"column":68},"end":{"line":9,"column":70}}],"line":9},"1":{"loc":{"start":{"line":12,"column":4},"end":{"line":15,"column":7}},"type":"if","locations":[{"start":{"line":12,"column":4},"end":{"line":15,"column":7}},{"start":{},"end":{}}],"line":12},"2":{"loc":{"start":{"line":12,"column":8},"end":{"line":12,"column":56}},"type":"binary-expr","locations":[{"start":{"line":12,"column":8},"end":{"line":12,"column":13}},{"start":{"line":12,"column":17},"end":{"line":12,"column":25}},{"start":{"line":12,"column":29},"end":{"line":12,"column":35}},{"start":{"line":12,"column":39},"end":{"line":12,"column":43}},{"start":{"line":12,"column":47},"end":{"line":12,"column":56}}],"line":12},"3":{"loc":{"start":{"line":18,"column":6},"end":{"line":21,"column":7}},"type":"if","locations":[{"start":{"line":18,"column":6},"end":{"line":21,"column":7}},{"start":{},"end":{}}],"line":18},"4":{"loc":{"start":{"line":24,"column":6},"end":{"line":27,"column":7}},"type":"if","locations":[{"start":{"line":24,"column":6},"end":{"line":27,"column":7}},{"start":{},"end":{}}],"line":24},"5":{"loc":{"start":{"line":29,"column":6},"end":{"line":32,"column":7}},"type":"if","locations":[{"start":{"line":29,"column":6},"end":{"line":32,"column":7}},{"start":{},"end":{}}],"line":29},"6":{"loc":{"start":{"line":35,"column":6},"end":{"line":38,"column":7}},"type":"if","locations":[{"start":{"line":35,"column":6},"end":{"line":38,"column":7}},{"start":{},"end":{}}],"line":35},"7":{"loc":{"start":{"line":41,"column":4},"end":{"line":58,"column":5}},"type":"if","locations":[{"start":{"line":41,"column":4},"end":{"line":58,"column":5}},{"start":{"line":43,"column":11},"end":{"line":58,"column":5}}],"line":41}},"s":{"0":6,"1":6,"2":6,"3":6,"4":6,"5":6,"6":6,"7":1,"8":1,"9":5,"10":1,"11":1,"12":4,"13":1,"14":1,"15":3,"16":1,"17":1,"18":2,"19":1,"20":1,"21":1,"22":0,"23":0,"24":1,"25":1,"26":1,"27":1,"28":1,"29":1},"f":{"0":6,"1":0},"b":{"0":[6,6],"1":[1,5],"2":[6,6,6,6,6],"3":[1,4],"4":[1,3],"5":[1,2],"6":[1,1],"7":[0,1]},"_coverageSchema":"1a1c01bbd47fc00a2c39e90264f33305004495a9","hash":"06e2612e54c2a5dd107a624fe00e82ca3cd43d73"}
}
