TN:
SF:registracija.js
FN:1,saveData
FN:41,(anonymous_1)
FNF:2
FNH:1
FNDA:6,saveData
FNDA:0,(anonymous_1)
DA:3,6
DA:4,6
DA:5,6
DA:6,6
DA:7,6
DA:9,6
DA:12,6
DA:13,1
DA:14,1
DA:18,5
DA:19,1
DA:20,1
DA:24,4
DA:25,1
DA:26,1
DA:29,3
DA:30,1
DA:31,1
DA:35,2
DA:36,1
DA:37,1
DA:41,1
DA:42,0
DA:44,1
DA:51,1
DA:52,1
DA:53,1
DA:55,1
DA:60,1
LF:29
LH:28
BRDA:9,0,0,6
BRDA:9,0,1,6
BRDA:12,1,0,1
BRDA:12,1,1,5
BRDA:12,2,0,6
BRDA:12,2,1,6
BRDA:12,2,2,6
BRDA:12,2,3,6
BRDA:12,2,4,6
BRDA:18,3,0,1
BRDA:18,3,1,4
BRDA:24,4,0,1
BRDA:24,4,1,3
BRDA:29,5,0,1
BRDA:29,5,1,2
BRDA:35,6,0,1
BRDA:35,6,1,1
BRDA:41,7,0,0
BRDA:41,7,1,1
BRF:19
BRH:18
end_of_record
